<?xml version="1.0" encoding="UTF-8"?>
<!-- Generated by org.testng.reporters.JUnitReportReporter -->
<testsuite hostname="LGDN13261-W7D01" name="testNG.gmailTest" tests="1" failures="0" timestamp="30 Sep 2016 09:01:05 GMT" time="13.711" errors="0">
  <testcase name="f" time="13.711" classname="testNG.gmailTest"/>
</testsuite> <!-- testNG.gmailTest -->
